<?xml version="1.0" encoding="UTF-8"?>
<testng-results skipped="0" failed="0" ignored="0" total="1" passed="1">
  <reporter-output>
  </reporter-output>
  <suite name="Default suite" duration-ms="113695" started-at="2021-08-16T17:20:31 IST" finished-at="2021-08-16T17:22:25 IST">
    <groups>
    </groups>
    <test name="Default test" duration-ms="113695" started-at="2021-08-16T17:20:31 IST" finished-at="2021-08-16T17:22:25 IST">
      <class name="Tests.RoundTripFlight">
        <test-method status="PASS" signature="beforeTest()[pri:0, instance:Tests.RoundTripFlight@2c039ac6]" name="beforeTest" is-config="true" duration-ms="4655" started-at="2021-08-16T17:20:31 IST" finished-at="2021-08-16T17:20:36 IST">
          <reporter-output>
          </reporter-output>
        </test-method> <!-- beforeTest -->
        <test-method status="PASS" signature="tc_flight_roundtrip01()[pri:0, instance:Tests.RoundTripFlight@2c039ac6]" name="tc_flight_roundtrip01" duration-ms="106502" started-at="2021-08-16T17:20:36 IST" finished-at="2021-08-16T17:22:23 IST">
          <reporter-output>
          </reporter-output>
        </test-method> <!-- tc_flight_roundtrip01 -->
        <test-method status="PASS" signature="afterTest()[pri:0, instance:Tests.RoundTripFlight@2c039ac6]" name="afterTest" is-config="true" duration-ms="2080" started-at="2021-08-16T17:22:23 IST" finished-at="2021-08-16T17:22:25 IST">
          <reporter-output>
          </reporter-output>
        </test-method> <!-- afterTest -->
      </class> <!-- Tests.RoundTripFlight -->
    </test> <!-- Default test -->
  </suite> <!-- Default suite -->
</testng-results>
