<?xml version="1.0" encoding="UTF-8"?>
<testng-results skipped="0" failed="0" ignored="0" total="1" passed="1">
  <reporter-output>
  </reporter-output>
  <suite name="Default suite" duration-ms="79596" started-at="2021-08-13T17:05:32 IST" finished-at="2021-08-13T17:06:51 IST">
    <groups>
    </groups>
    <test name="Default test" duration-ms="79596" started-at="2021-08-13T17:05:32 IST" finished-at="2021-08-13T17:06:51 IST">
      <class name="Tests.RoundTripFlight">
        <test-method status="PASS" signature="beforeTest()[pri:0, instance:Tests.RoundTripFlight@2c039ac6]" name="beforeTest" is-config="true" duration-ms="7390" started-at="2021-08-13T17:05:32 IST" finished-at="2021-08-13T17:05:39 IST">
          <reporter-output>
          </reporter-output>
        </test-method> <!-- beforeTest -->
        <test-method status="PASS" signature="tc_flight_roundtrip01()[pri:0, instance:Tests.RoundTripFlight@2c039ac6]" name="tc_flight_roundtrip01" duration-ms="70515" started-at="2021-08-13T17:05:39 IST" finished-at="2021-08-13T17:06:50 IST">
          <reporter-output>
          </reporter-output>
        </test-method> <!-- tc_flight_roundtrip01 -->
        <test-method status="PASS" signature="afterTest()[pri:0, instance:Tests.RoundTripFlight@2c039ac6]" name="afterTest" is-config="true" duration-ms="1602" started-at="2021-08-13T17:06:50 IST" finished-at="2021-08-13T17:06:51 IST">
          <reporter-output>
          </reporter-output>
        </test-method> <!-- afterTest -->
      </class> <!-- Tests.RoundTripFlight -->
    </test> <!-- Default test -->
  </suite> <!-- Default suite -->
</testng-results>
